<?xml version="1.0" encoding="UTF-8"?>
<!-- Generated by org.testng.reporters.JUnitXMLReporter -->
<testsuite hostname="Kriti-Bikash" ignored="0" name="Command line test" tests="6" failures="0" timestamp="2020-06-09T12:39:36 EDT" time="0.085" errors="0">
  <testcase name="test1" time="0.008" classname="qaclickacademy.MavenJava.AppiumTest"/>
  <testcase name="test2" time="0.0" classname="qaclickacademy.MavenJava.AppiumTest"/>
  <testcase name="test3" time="0.0" classname="qaclickacademy.MavenJava.RESTAPITest"/>
  <testcase name="test4" time="0.001" classname="qaclickacademy.MavenJava.RESTAPITest"/>
  <testcase name="test5" time="0.0" classname="qaclickacademy.MavenJava.SeleniumTest"/>
  <testcase name="test6" time="0.0" classname="qaclickacademy.MavenJava.SeleniumTest"/>
</testsuite> <!-- Command line test -->
