<?xml version="1.0" encoding="UTF-8"?>
<!-- Generated by org.testng.reporters.JUnitXMLReporter -->
<testsuite hostname="Kriti-Bikash" ignored="0" name="Test" tests="6" failures="0" timestamp="2020-06-09T12:51:23 EDT" time="0.101" errors="0">
  <testcase name="test1" time="0.01" classname="qaclickacademy.MavenJava.AppiumTest"/>
  <testcase name="test2" time="0.002" classname="qaclickacademy.MavenJava.AppiumTest"/>
  <testcase name="test5" time="0.001" classname="qaclickacademy.MavenJava.SeleniumTest"/>
  <testcase name="test6" time="0.001" classname="qaclickacademy.MavenJava.SeleniumTest"/>
  <testcase name="test3" time="0.001" classname="qaclickacademy.MavenJava.RESTAPITest"/>
  <testcase name="test4" time="0.001" classname="qaclickacademy.MavenJava.RESTAPITest"/>
</testsuite> <!-- Test -->
